  [1m[35mSQL (0.4ms)[0m  [1m[35mCREATE EXTENSION IF NOT EXISTS "plpgsql"[0m
  [1m[35m (0.3ms)[0m  [1m[35mDROP TABLE IF EXISTS "course_enrollments" CASCADE[0m
  [1m[35m (8.7ms)[0m  [1m[35mCREATE TABLE "course_enrollments" ("id" bigserial primary key, "student_id" integer, "course_id" integer, "created_at" timestamp NOT NULL, "updated_at" timestamp NOT NULL)[0m
  [1m[35m (0.6ms)[0m  [1m[35mDROP TABLE IF EXISTS "courses" CASCADE[0m
  [1m[35m (9.3ms)[0m  [1m[35mCREATE TABLE "courses" ("id" bigserial primary key, "title" character varying, "description" character varying, "instructor_id" integer, "created_at" timestamp NOT NULL, "updated_at" timestamp NOT NULL)[0m
  [1m[35m (0.5ms)[0m  [1m[35mDROP TABLE IF EXISTS "houses" CASCADE[0m
  [1m[35m (7.3ms)[0m  [1m[35mCREATE TABLE "houses" ("id" bigserial primary key, "name" character varying, "building" character varying, "master_id" integer, "created_at" timestamp NOT NULL, "updated_at" timestamp NOT NULL)[0m
  [1m[35m (0.4ms)[0m  [1m[35mDROP TABLE IF EXISTS "schools" CASCADE[0m
  [1m[35m (8.5ms)[0m  [1m[35mCREATE TABLE "schools" ("id" bigserial primary key, "name" character varying, "headmaster_id" integer, "created_at" timestamp NOT NULL, "updated_at" timestamp NOT NULL)[0m
  [1m[35m (0.4ms)[0m  [1m[35mDROP TABLE IF EXISTS "wands" CASCADE[0m
  [1m[35m (7.3ms)[0m  [1m[35mCREATE TABLE "wands" ("id" bigserial primary key, "core_ingredient" character varying, "owner_id" integer, "created_at" timestamp NOT NULL, "updated_at" timestamp NOT NULL)[0m
  [1m[35m (0.5ms)[0m  [1m[35mDROP TABLE IF EXISTS "wizards" CASCADE[0m
  [1m[35m (6.4ms)[0m  [1m[35mCREATE TABLE "wizards" ("id" bigserial primary key, "fname" character varying, "lname" character varying, "house_id" integer, "school_id" integer, "created_at" timestamp NOT NULL, "updated_at" timestamp NOT NULL)[0m
  [1m[35m (5.3ms)[0m  [1m[35mCREATE TABLE "schema_migrations" ("version" character varying NOT NULL PRIMARY KEY)[0m
  [1m[35m (1.1ms)[0m  [1m[34mSELECT "schema_migrations"."version" FROM "schema_migrations" ORDER BY "schema_migrations"."version" ASC[0m
  [1m[35m (1.5ms)[0m  [1m[32mINSERT INTO "schema_migrations" (version) VALUES (20171218222654)[0m
  [1m[35m (1.5ms)[0m  [1m[32mINSERT INTO "schema_migrations" (version) VALUES
(20171218221825),
(20171218222009),
(20171218222157),
(20171218222355),
(20171218222539);

[0m
  [1m[35m (4.0ms)[0m  [1m[35mCREATE TABLE "ar_internal_metadata" ("key" character varying NOT NULL PRIMARY KEY, "value" character varying, "created_at" timestamp NOT NULL, "updated_at" timestamp NOT NULL)[0m
  [1m[36mActiveRecord::InternalMetadata Load (0.4ms)[0m  [1m[34mSELECT  "ar_internal_metadata".* FROM "ar_internal_metadata" WHERE "ar_internal_metadata"."key" = $1 LIMIT $2[0m  [["key", "environment"], ["LIMIT", 1]]
  [1m[35m (0.2ms)[0m  [1m[35mBEGIN[0m
  [1m[35mSQL (0.9ms)[0m  [1m[32mINSERT INTO "ar_internal_metadata" ("key", "value", "created_at", "updated_at") VALUES ($1, $2, $3, $4) RETURNING "key"[0m  [["key", "environment"], ["value", "development"], ["created_at", "2018-06-14 18:23:27.678057"], ["updated_at", "2018-06-14 18:23:27.678057"]]
  [1m[35m (0.4ms)[0m  [1m[35mCOMMIT[0m
  [1m[36mActiveRecord::InternalMetadata Load (0.4ms)[0m  [1m[34mSELECT  "ar_internal_metadata".* FROM "ar_internal_metadata" WHERE "ar_internal_metadata"."key" = $1 LIMIT $2[0m  [["key", "environment"], ["LIMIT", 1]]
  [1m[35m (0.2ms)[0m  [1m[35mBEGIN[0m
  [1m[35m (0.1ms)[0m  [1m[35mCOMMIT[0m
  [1m[35mSQL (0.4ms)[0m  [1m[35mCREATE EXTENSION IF NOT EXISTS "plpgsql"[0m
  [1m[35m (0.3ms)[0m  [1m[35mDROP TABLE IF EXISTS "course_enrollments" CASCADE[0m
  [1m[35m (9.8ms)[0m  [1m[35mCREATE TABLE "course_enrollments" ("id" bigserial primary key, "student_id" integer, "course_id" integer, "created_at" timestamp NOT NULL, "updated_at" timestamp NOT NULL)[0m
  [1m[35m (0.6ms)[0m  [1m[35mDROP TABLE IF EXISTS "courses" CASCADE[0m
  [1m[35m (10.1ms)[0m  [1m[35mCREATE TABLE "courses" ("id" bigserial primary key, "title" character varying, "description" character varying, "instructor_id" integer, "created_at" timestamp NOT NULL, "updated_at" timestamp NOT NULL)[0m
  [1m[35m (0.5ms)[0m  [1m[35mDROP TABLE IF EXISTS "houses" CASCADE[0m
  [1m[35m (8.7ms)[0m  [1m[35mCREATE TABLE "houses" ("id" bigserial primary key, "name" character varying, "building" character varying, "master_id" integer, "created_at" timestamp NOT NULL, "updated_at" timestamp NOT NULL)[0m
  [1m[35m (0.5ms)[0m  [1m[35mDROP TABLE IF EXISTS "schools" CASCADE[0m
  [1m[35m (7.8ms)[0m  [1m[35mCREATE TABLE "schools" ("id" bigserial primary key, "name" character varying, "headmaster_id" integer, "created_at" timestamp NOT NULL, "updated_at" timestamp NOT NULL)[0m
  [1m[35m (0.4ms)[0m  [1m[35mDROP TABLE IF EXISTS "wands" CASCADE[0m
  [1m[35m (8.8ms)[0m  [1m[35mCREATE TABLE "wands" ("id" bigserial primary key, "core_ingredient" character varying, "owner_id" integer, "created_at" timestamp NOT NULL, "updated_at" timestamp NOT NULL)[0m
  [1m[35m (0.4ms)[0m  [1m[35mDROP TABLE IF EXISTS "wizards" CASCADE[0m
  [1m[35m (7.2ms)[0m  [1m[35mCREATE TABLE "wizards" ("id" bigserial primary key, "fname" character varying, "lname" character varying, "house_id" integer, "school_id" integer, "created_at" timestamp NOT NULL, "updated_at" timestamp NOT NULL)[0m
  [1m[35m (6.9ms)[0m  [1m[35mCREATE TABLE "schema_migrations" ("version" character varying NOT NULL PRIMARY KEY)[0m
  [1m[35m (2.7ms)[0m  [1m[34mSELECT "schema_migrations"."version" FROM "schema_migrations" ORDER BY "schema_migrations"."version" ASC[0m
  [1m[35m (2.1ms)[0m  [1m[32mINSERT INTO "schema_migrations" (version) VALUES (20171218222654)[0m
  [1m[35m (1.5ms)[0m  [1m[32mINSERT INTO "schema_migrations" (version) VALUES
(20171218221825),
(20171218222009),
(20171218222157),
(20171218222355),
(20171218222539);

[0m
  [1m[35m (6.4ms)[0m  [1m[35mCREATE TABLE "ar_internal_metadata" ("key" character varying NOT NULL PRIMARY KEY, "value" character varying, "created_at" timestamp NOT NULL, "updated_at" timestamp NOT NULL)[0m
  [1m[36mActiveRecord::InternalMetadata Load (0.7ms)[0m  [1m[34mSELECT  "ar_internal_metadata".* FROM "ar_internal_metadata" WHERE "ar_internal_metadata"."key" = $1 LIMIT $2[0m  [["key", "environment"], ["LIMIT", 1]]
  [1m[35m (0.2ms)[0m  [1m[35mBEGIN[0m
  [1m[35mSQL (0.5ms)[0m  [1m[32mINSERT INTO "ar_internal_metadata" ("key", "value", "created_at", "updated_at") VALUES ($1, $2, $3, $4) RETURNING "key"[0m  [["key", "environment"], ["value", "development"], ["created_at", "2018-06-14 18:23:27.808418"], ["updated_at", "2018-06-14 18:23:27.808418"]]
  [1m[35m (0.6ms)[0m  [1m[35mCOMMIT[0m
  [1m[36mActiveRecord::InternalMetadata Load (0.4ms)[0m  [1m[34mSELECT  "ar_internal_metadata".* FROM "ar_internal_metadata" WHERE "ar_internal_metadata"."key" = $1 LIMIT $2[0m  [["key", "environment"], ["LIMIT", 1]]
  [1m[35m (0.2ms)[0m  [1m[35mBEGIN[0m
  [1m[35m (0.2ms)[0m  [1m[35mCOMMIT[0m
  [1m[35m (0.9ms)[0m  [1m[34mSELECT "schema_migrations"."version" FROM "schema_migrations" ORDER BY "schema_migrations"."version" ASC[0m
  [1m[35m (0.2ms)[0m  [1m[35mBEGIN[0m
  [1m[36mWizard Load (1.1ms)[0m  [1m[34mSELECT "wizards".* FROM "wizards"[0m
  [1m[36mSchool Load (0.9ms)[0m  [1m[34mSELECT "schools".* FROM "schools"[0m
  [1m[36mHouse Load (0.8ms)[0m  [1m[34mSELECT "houses".* FROM "houses"[0m
  [1m[36mCourse Load (0.8ms)[0m  [1m[34mSELECT "courses".* FROM "courses"[0m
  [1m[36mWand Load (0.5ms)[0m  [1m[34mSELECT "wands".* FROM "wands"[0m
  [1m[36mCourseEnrollment Load (0.6ms)[0m  [1m[34mSELECT "course_enrollments".* FROM "course_enrollments"[0m
  [1m[35mSQL (0.7ms)[0m  [1m[32mINSERT INTO "wizards" ("fname", "lname", "created_at", "updated_at") VALUES ($1, $2, $3, $4) RETURNING "id"[0m  [["fname", "Albus"], ["lname", "Dumbledore"], ["created_at", "2018-06-14 18:23:27.896485"], ["updated_at", "2018-06-14 18:23:27.896485"]]
  [1m[36mWizard Load (0.4ms)[0m  [1m[34mSELECT  "wizards".* FROM "wizards" ORDER BY "wizards"."id" DESC LIMIT $1[0m  [["LIMIT", 1]]
  [1m[35mSQL (0.3ms)[0m  [1m[32mINSERT INTO "wizards" ("fname", "lname", "created_at", "updated_at") VALUES ($1, $2, $3, $4) RETURNING "id"[0m  [["fname", "Professor"], ["lname", "McGonagall"], ["created_at", "2018-06-14 18:23:27.900287"], ["updated_at", "2018-06-14 18:23:27.900287"]]
  [1m[36mWizard Load (0.3ms)[0m  [1m[34mSELECT  "wizards".* FROM "wizards" ORDER BY "wizards"."id" DESC LIMIT $1[0m  [["LIMIT", 1]]
  [1m[35mSQL (1.0ms)[0m  [1m[32mINSERT INTO "schools" ("name", "created_at", "updated_at") VALUES ($1, $2, $3) RETURNING "id"[0m  [["name", "Hogwarts"], ["created_at", "2018-06-14 18:23:27.910180"], ["updated_at", "2018-06-14 18:23:27.910180"]]
  [1m[36mSchool Load (0.4ms)[0m  [1m[34mSELECT  "schools".* FROM "schools" ORDER BY "schools"."id" DESC LIMIT $1[0m  [["LIMIT", 1]]
  [1m[35mSQL (0.6ms)[0m  [1m[33mUPDATE "wizards" SET "school_id" = $1, "updated_at" = $2 WHERE "wizards"."id" = $3[0m  [["school_id", 1], ["updated_at", "2018-06-14 18:23:27.914447"], ["id", 1]]
  [1m[35mSQL (0.4ms)[0m  [1m[33mUPDATE "wizards" SET "school_id" = $1, "updated_at" = $2 WHERE "wizards"."id" = $3[0m  [["school_id", 1], ["updated_at", "2018-06-14 18:23:27.917089"], ["id", 2]]
  [1m[35mSQL (0.4ms)[0m  [1m[33mUPDATE "schools" SET "headmaster_id" = $1, "updated_at" = $2 WHERE "schools"."id" = $3[0m  [["headmaster_id", 1], ["updated_at", "2018-06-14 18:23:27.918660"], ["id", 1]]
  [1m[35mSQL (0.7ms)[0m  [1m[32mINSERT INTO "houses" ("name", "building", "master_id", "created_at", "updated_at") VALUES ($1, $2, $3, $4, $5) RETURNING "id"[0m  [["name", "Gryffindor"], ["building", "The stone one"], ["master_id", 2], ["created_at", "2018-06-14 18:23:27.928349"], ["updated_at", "2018-06-14 18:23:27.928349"]]
  [1m[35mSQL (0.4ms)[0m  [1m[32mINSERT INTO "houses" ("name", "building", "created_at", "updated_at") VALUES ($1, $2, $3, $4) RETURNING "id"[0m  [["name", "Hufflepuff"], ["building", "The stone one"], ["created_at", "2018-06-14 18:23:27.930224"], ["updated_at", "2018-06-14 18:23:27.930224"]]
  [1m[35mSQL (0.3ms)[0m  [1m[32mINSERT INTO "wizards" ("fname", "lname", "house_id", "school_id", "created_at", "updated_at") VALUES ($1, $2, $3, $4, $5, $6) RETURNING "id"[0m  [["fname", "Harry"], ["lname", "Potter"], ["house_id", 1], ["school_id", 1], ["created_at", "2018-06-14 18:23:27.931700"], ["updated_at", "2018-06-14 18:23:27.931700"]]
  [1m[35mSQL (0.4ms)[0m  [1m[32mINSERT INTO "wizards" ("fname", "lname", "house_id", "school_id", "created_at", "updated_at") VALUES ($1, $2, $3, $4, $5, $6) RETURNING "id"[0m  [["fname", "Ron"], ["lname", "Weasley"], ["house_id", 1], ["school_id", 1], ["created_at", "2018-06-14 18:23:27.933039"], ["updated_at", "2018-06-14 18:23:27.933039"]]
  [1m[35mSQL (0.4ms)[0m  [1m[32mINSERT INTO "wizards" ("fname", "lname", "house_id", "school_id", "created_at", "updated_at") VALUES ($1, $2, $3, $4, $5, $6) RETURNING "id"[0m  [["fname", "Hermione"], ["lname", "Granger"], ["house_id", 1], ["school_id", 1], ["created_at", "2018-06-14 18:23:27.934455"], ["updated_at", "2018-06-14 18:23:27.934455"]]
  [1m[35mSQL (0.7ms)[0m  [1m[32mINSERT INTO "courses" ("title", "description", "instructor_id", "created_at", "updated_at") VALUES ($1, $2, $3, $4, $5) RETURNING "id"[0m  [["title", "Transfiguration"], ["description", "Turning one thing into another thing"], ["instructor_id", 2], ["created_at", "2018-06-14 18:23:27.944913"], ["updated_at", "2018-06-14 18:23:27.944913"]]
  [1m[35mSQL (0.6ms)[0m  [1m[32mINSERT INTO "course_enrollments" ("student_id", "course_id", "created_at", "updated_at") VALUES ($1, $2, $3, $4) RETURNING "id"[0m  [["student_id", 3], ["course_id", 1], ["created_at", "2018-06-14 18:23:27.959700"], ["updated_at", "2018-06-14 18:23:27.959700"]]
  [1m[35mSQL (0.5ms)[0m  [1m[32mINSERT INTO "course_enrollments" ("student_id", "course_id", "created_at", "updated_at") VALUES ($1, $2, $3, $4) RETURNING "id"[0m  [["student_id", 4], ["course_id", 1], ["created_at", "2018-06-14 18:23:27.961451"], ["updated_at", "2018-06-14 18:23:27.961451"]]
  [1m[35mSQL (0.4ms)[0m  [1m[32mINSERT INTO "course_enrollments" ("student_id", "course_id", "created_at", "updated_at") VALUES ($1, $2, $3, $4) RETURNING "id"[0m  [["student_id", 5], ["course_id", 1], ["created_at", "2018-06-14 18:23:27.962998"], ["updated_at", "2018-06-14 18:23:27.962998"]]
  [1m[35mSQL (0.8ms)[0m  [1m[32mINSERT INTO "wands" ("core_ingredient", "owner_id", "created_at", "updated_at") VALUES ($1, $2, $3, $4) RETURNING "id"[0m  [["core_ingredient", "Phoenix Feather"], ["owner_id", 3], ["created_at", "2018-06-14 18:23:27.970211"], ["updated_at", "2018-06-14 18:23:27.970211"]]
  [1m[35mSQL (0.5ms)[0m  [1m[32mINSERT INTO "wands" ("core_ingredient", "owner_id", "created_at", "updated_at") VALUES ($1, $2, $3, $4) RETURNING "id"[0m  [["core_ingredient", "Swag"], ["owner_id", 1], ["created_at", "2018-06-14 18:23:27.972142"], ["updated_at", "2018-06-14 18:23:27.972142"]]
  [1m[35m (1.6ms)[0m  [1m[35mCOMMIT[0m
  [1m[36mWizard Load (0.5ms)[0m  [1m[34mSELECT  "wizards".* FROM "wizards" ORDER BY "wizards"."id" DESC LIMIT $1[0m  [["LIMIT", 1]]
  [1m[35m (2.0ms)[0m  [1m[34mSELECT "schema_migrations"."version" FROM "schema_migrations" ORDER BY "schema_migrations"."version" ASC[0m
  [1m[35m (0.6ms)[0m  [1m[34mSELECT "ar_internal_metadata"."value" FROM "ar_internal_metadata" WHERE "ar_internal_metadata"."key" = $1[0m  [["key", "environment"]]
  [1m[35m (0.9ms)[0m  [1m[34mSELECT "schema_migrations"."version" FROM "schema_migrations" ORDER BY "schema_migrations"."version" ASC[0m
  [1m[35m (0.4ms)[0m  [1m[34mSELECT "ar_internal_metadata"."value" FROM "ar_internal_metadata" WHERE "ar_internal_metadata"."key" = $1[0m  [["key", "environment"]]
  [1m[35m (0.3ms)[0m  [1m[34mSELECT "schema_migrations"."version" FROM "schema_migrations" ORDER BY "schema_migrations"."version" ASC[0m
  [1m[35m (0.3ms)[0m  [1m[34mSELECT "ar_internal_metadata"."value" FROM "ar_internal_metadata" WHERE "ar_internal_metadata"."key" = $1[0m  [["key", "environment"]]
  [1m[35mSQL (0.4ms)[0m  [1m[35mCREATE EXTENSION IF NOT EXISTS "plpgsql"[0m
  [1m[35m (4.9ms)[0m  [1m[35mDROP TABLE IF EXISTS "course_enrollments" CASCADE[0m
  [1m[35m (10.2ms)[0m  [1m[35mCREATE TABLE "course_enrollments" ("id" bigserial primary key, "student_id" integer, "course_id" integer, "created_at" timestamp NOT NULL, "updated_at" timestamp NOT NULL)[0m
  [1m[35m (2.5ms)[0m  [1m[35mDROP TABLE IF EXISTS "courses" CASCADE[0m
  [1m[35m (8.5ms)[0m  [1m[35mCREATE TABLE "courses" ("id" bigserial primary key, "title" character varying, "description" character varying, "instructor_id" integer, "created_at" timestamp NOT NULL, "updated_at" timestamp NOT NULL)[0m
  [1m[35m (4.7ms)[0m  [1m[35mDROP TABLE IF EXISTS "houses" CASCADE[0m
  [1m[35m (7.7ms)[0m  [1m[35mCREATE TABLE "houses" ("id" bigserial primary key, "name" character varying, "building" character varying, "master_id" integer, "created_at" timestamp NOT NULL, "updated_at" timestamp NOT NULL)[0m
  [1m[35m (4.9ms)[0m  [1m[35mDROP TABLE IF EXISTS "schools" CASCADE[0m
  [1m[35m (8.1ms)[0m  [1m[35mCREATE TABLE "schools" ("id" bigserial primary key, "name" character varying, "headmaster_id" integer, "created_at" timestamp NOT NULL, "updated_at" timestamp NOT NULL)[0m
  [1m[35m (4.2ms)[0m  [1m[35mDROP TABLE IF EXISTS "wands" CASCADE[0m
  [1m[35m (11.0ms)[0m  [1m[35mCREATE TABLE "wands" ("id" bigserial primary key, "core_ingredient" character varying, "owner_id" integer, "created_at" timestamp NOT NULL, "updated_at" timestamp NOT NULL)[0m
  [1m[35m (4.2ms)[0m  [1m[35mDROP TABLE IF EXISTS "wizards" CASCADE[0m
  [1m[35m (9.3ms)[0m  [1m[35mCREATE TABLE "wizards" ("id" bigserial primary key, "fname" character varying, "lname" character varying, "house_id" integer, "school_id" integer, "created_at" timestamp NOT NULL, "updated_at" timestamp NOT NULL)[0m
  [1m[35m (1.5ms)[0m  [1m[34mSELECT "schema_migrations"."version" FROM "schema_migrations" ORDER BY "schema_migrations"."version" ASC[0m
  [1m[36mActiveRecord::InternalMetadata Load (0.6ms)[0m  [1m[34mSELECT  "ar_internal_metadata".* FROM "ar_internal_metadata" WHERE "ar_internal_metadata"."key" = $1 LIMIT $2[0m  [["key", "environment"], ["LIMIT", 1]]
  [1m[35m (0.2ms)[0m  [1m[35mBEGIN[0m
  [1m[35m (0.2ms)[0m  [1m[35mCOMMIT[0m
  [1m[36mActiveRecord::InternalMetadata Load (0.4ms)[0m  [1m[34mSELECT  "ar_internal_metadata".* FROM "ar_internal_metadata" WHERE "ar_internal_metadata"."key" = $1 LIMIT $2[0m  [["key", "environment"], ["LIMIT", 1]]
  [1m[35m (0.1ms)[0m  [1m[35mBEGIN[0m
  [1m[35m (0.2ms)[0m  [1m[35mCOMMIT[0m
  [1m[35mSQL (0.3ms)[0m  [1m[35mCREATE EXTENSION IF NOT EXISTS "plpgsql"[0m
  [1m[35m (3.9ms)[0m  [1m[35mDROP TABLE IF EXISTS "course_enrollments" CASCADE[0m
  [1m[35m (10.3ms)[0m  [1m[35mCREATE TABLE "course_enrollments" ("id" bigserial primary key, "student_id" integer, "course_id" integer, "created_at" timestamp NOT NULL, "updated_at" timestamp NOT NULL)[0m
  [1m[35m (4.4ms)[0m  [1m[35mDROP TABLE IF EXISTS "courses" CASCADE[0m
  [1m[35m (10.1ms)[0m  [1m[35mCREATE TABLE "courses" ("id" bigserial primary key, "title" character varying, "description" character varying, "instructor_id" integer, "created_at" timestamp NOT NULL, "updated_at" timestamp NOT NULL)[0m
  [1m[35m (2.2ms)[0m  [1m[35mDROP TABLE IF EXISTS "houses" CASCADE[0m
  [1m[35m (8.9ms)[0m  [1m[35mCREATE TABLE "houses" ("id" bigserial primary key, "name" character varying, "building" character varying, "master_id" integer, "created_at" timestamp NOT NULL, "updated_at" timestamp NOT NULL)[0m
  [1m[35m (2.1ms)[0m  [1m[35mDROP TABLE IF EXISTS "schools" CASCADE[0m
  [1m[35m (6.1ms)[0m  [1m[35mCREATE TABLE "schools" ("id" bigserial primary key, "name" character varying, "headmaster_id" integer, "created_at" timestamp NOT NULL, "updated_at" timestamp NOT NULL)[0m
  [1m[35m (2.4ms)[0m  [1m[35mDROP TABLE IF EXISTS "wands" CASCADE[0m
  [1m[35m (7.4ms)[0m  [1m[35mCREATE TABLE "wands" ("id" bigserial primary key, "core_ingredient" character varying, "owner_id" integer, "created_at" timestamp NOT NULL, "updated_at" timestamp NOT NULL)[0m
  [1m[35m (3.7ms)[0m  [1m[35mDROP TABLE IF EXISTS "wizards" CASCADE[0m
  [1m[35m (8.0ms)[0m  [1m[35mCREATE TABLE "wizards" ("id" bigserial primary key, "fname" character varying, "lname" character varying, "house_id" integer, "school_id" integer, "created_at" timestamp NOT NULL, "updated_at" timestamp NOT NULL)[0m
  [1m[35m (0.8ms)[0m  [1m[34mSELECT "schema_migrations"."version" FROM "schema_migrations" ORDER BY "schema_migrations"."version" ASC[0m
  [1m[36mActiveRecord::InternalMetadata Load (0.6ms)[0m  [1m[34mSELECT  "ar_internal_metadata".* FROM "ar_internal_metadata" WHERE "ar_internal_metadata"."key" = $1 LIMIT $2[0m  [["key", "environment"], ["LIMIT", 1]]
  [1m[35m (0.2ms)[0m  [1m[35mBEGIN[0m
  [1m[35mSQL (0.4ms)[0m  [1m[33mUPDATE "ar_internal_metadata" SET "value" = $1, "updated_at" = $2 WHERE "ar_internal_metadata"."key" = $3[0m  [["value", "development"], ["updated_at", "2018-06-14 18:38:26.158308"], ["key", "environment"]]
  [1m[35m (1.3ms)[0m  [1m[35mCOMMIT[0m
  [1m[36mActiveRecord::InternalMetadata Load (0.4ms)[0m  [1m[34mSELECT  "ar_internal_metadata".* FROM "ar_internal_metadata" WHERE "ar_internal_metadata"."key" = $1 LIMIT $2[0m  [["key", "environment"], ["LIMIT", 1]]
  [1m[35m (0.1ms)[0m  [1m[35mBEGIN[0m
  [1m[35m (0.1ms)[0m  [1m[35mCOMMIT[0m
  [1m[35m (0.9ms)[0m  [1m[34mSELECT "schema_migrations"."version" FROM "schema_migrations" ORDER BY "schema_migrations"."version" ASC[0m
  [1m[35m (0.2ms)[0m  [1m[35mBEGIN[0m
  [1m[36mWizard Load (0.8ms)[0m  [1m[34mSELECT "wizards".* FROM "wizards"[0m
  [1m[36mSchool Load (0.6ms)[0m  [1m[34mSELECT "schools".* FROM "schools"[0m
  [1m[36mHouse Load (0.6ms)[0m  [1m[34mSELECT "houses".* FROM "houses"[0m
  [1m[36mCourse Load (0.8ms)[0m  [1m[34mSELECT "courses".* FROM "courses"[0m
  [1m[36mWand Load (0.5ms)[0m  [1m[34mSELECT "wands".* FROM "wands"[0m
  [1m[36mCourseEnrollment Load (0.6ms)[0m  [1m[34mSELECT "course_enrollments".* FROM "course_enrollments"[0m
  [1m[35mSQL (0.9ms)[0m  [1m[32mINSERT INTO "wizards" ("fname", "lname", "created_at", "updated_at") VALUES ($1, $2, $3, $4) RETURNING "id"[0m  [["fname", "Albus"], ["lname", "Dumbledore"], ["created_at", "2018-06-14 18:38:29.767789"], ["updated_at", "2018-06-14 18:38:29.767789"]]
  [1m[36mWizard Load (0.3ms)[0m  [1m[34mSELECT  "wizards".* FROM "wizards" ORDER BY "wizards"."id" DESC LIMIT $1[0m  [["LIMIT", 1]]
  [1m[35mSQL (0.7ms)[0m  [1m[32mINSERT INTO "wizards" ("fname", "lname", "created_at", "updated_at") VALUES ($1, $2, $3, $4) RETURNING "id"[0m  [["fname", "Professor"], ["lname", "McGonagall"], ["created_at", "2018-06-14 18:38:29.773798"], ["updated_at", "2018-06-14 18:38:29.773798"]]
  [1m[36mWizard Load (0.3ms)[0m  [1m[34mSELECT  "wizards".* FROM "wizards" ORDER BY "wizards"."id" DESC LIMIT $1[0m  [["LIMIT", 1]]
  [1m[35mSQL (0.7ms)[0m  [1m[32mINSERT INTO "schools" ("name", "created_at", "updated_at") VALUES ($1, $2, $3) RETURNING "id"[0m  [["name", "Hogwarts"], ["created_at", "2018-06-14 18:38:29.786996"], ["updated_at", "2018-06-14 18:38:29.786996"]]
  [1m[36mSchool Load (0.3ms)[0m  [1m[34mSELECT  "schools".* FROM "schools" ORDER BY "schools"."id" DESC LIMIT $1[0m  [["LIMIT", 1]]
  [1m[35mSQL (0.6ms)[0m  [1m[33mUPDATE "wizards" SET "school_id" = $1, "updated_at" = $2 WHERE "wizards"."id" = $3[0m  [["school_id", 1], ["updated_at", "2018-06-14 18:38:29.790291"], ["id", 1]]
  [1m[35mSQL (0.5ms)[0m  [1m[33mUPDATE "wizards" SET "school_id" = $1, "updated_at" = $2 WHERE "wizards"."id" = $3[0m  [["school_id", 1], ["updated_at", "2018-06-14 18:38:29.792906"], ["id", 2]]
  [1m[35mSQL (0.6ms)[0m  [1m[33mUPDATE "schools" SET "headmaster_id" = $1, "updated_at" = $2 WHERE "schools"."id" = $3[0m  [["headmaster_id", 1], ["updated_at", "2018-06-14 18:38:29.794924"], ["id", 1]]
  [1m[35mSQL (1.1ms)[0m  [1m[32mINSERT INTO "houses" ("name", "building", "master_id", "created_at", "updated_at") VALUES ($1, $2, $3, $4, $5) RETURNING "id"[0m  [["name", "Gryffindor"], ["building", "The stone one"], ["master_id", 2], ["created_at", "2018-06-14 18:38:29.807363"], ["updated_at", "2018-06-14 18:38:29.807363"]]
  [1m[35mSQL (0.4ms)[0m  [1m[32mINSERT INTO "houses" ("name", "building", "created_at", "updated_at") VALUES ($1, $2, $3, $4) RETURNING "id"[0m  [["name", "Hufflepuff"], ["building", "The stone one"], ["created_at", "2018-06-14 18:38:29.809963"], ["updated_at", "2018-06-14 18:38:29.809963"]]
  [1m[35mSQL (0.3ms)[0m  [1m[32mINSERT INTO "wizards" ("fname", "lname", "house_id", "school_id", "created_at", "updated_at") VALUES ($1, $2, $3, $4, $5, $6) RETURNING "id"[0m  [["fname", "Harry"], ["lname", "Potter"], ["house_id", 1], ["school_id", 1], ["created_at", "2018-06-14 18:38:29.811474"], ["updated_at", "2018-06-14 18:38:29.811474"]]
  [1m[35mSQL (0.3ms)[0m  [1m[32mINSERT INTO "wizards" ("fname", "lname", "house_id", "school_id", "created_at", "updated_at") VALUES ($1, $2, $3, $4, $5, $6) RETURNING "id"[0m  [["fname", "Ron"], ["lname", "Weasley"], ["house_id", 1], ["school_id", 1], ["created_at", "2018-06-14 18:38:29.812887"], ["updated_at", "2018-06-14 18:38:29.812887"]]
  [1m[35mSQL (0.4ms)[0m  [1m[32mINSERT INTO "wizards" ("fname", "lname", "house_id", "school_id", "created_at", "updated_at") VALUES ($1, $2, $3, $4, $5, $6) RETURNING "id"[0m  [["fname", "Hermione"], ["lname", "Granger"], ["house_id", 1], ["school_id", 1], ["created_at", "2018-06-14 18:38:29.814159"], ["updated_at", "2018-06-14 18:38:29.814159"]]
  [1m[35mSQL (0.9ms)[0m  [1m[32mINSERT INTO "courses" ("title", "description", "instructor_id", "created_at", "updated_at") VALUES ($1, $2, $3, $4, $5) RETURNING "id"[0m  [["title", "Transfiguration"], ["description", "Turning one thing into another thing"], ["instructor_id", 2], ["created_at", "2018-06-14 18:38:29.830861"], ["updated_at", "2018-06-14 18:38:29.830861"]]
  [1m[35mSQL (0.8ms)[0m  [1m[32mINSERT INTO "course_enrollments" ("student_id", "course_id", "created_at", "updated_at") VALUES ($1, $2, $3, $4) RETURNING "id"[0m  [["student_id", 3], ["course_id", 1], ["created_at", "2018-06-14 18:38:29.839393"], ["updated_at", "2018-06-14 18:38:29.839393"]]
  [1m[35mSQL (0.4ms)[0m  [1m[32mINSERT INTO "course_enrollments" ("student_id", "course_id", "created_at", "updated_at") VALUES ($1, $2, $3, $4) RETURNING "id"[0m  [["student_id", 4], ["course_id", 1], ["created_at", "2018-06-14 18:38:29.841427"], ["updated_at", "2018-06-14 18:38:29.841427"]]
  [1m[35mSQL (0.4ms)[0m  [1m[32mINSERT INTO "course_enrollments" ("student_id", "course_id", "created_at", "updated_at") VALUES ($1, $2, $3, $4) RETURNING "id"[0m  [["student_id", 5], ["course_id", 1], ["created_at", "2018-06-14 18:38:29.842758"], ["updated_at", "2018-06-14 18:38:29.842758"]]
  [1m[35mSQL (0.7ms)[0m  [1m[32mINSERT INTO "wands" ("core_ingredient", "owner_id", "created_at", "updated_at") VALUES ($1, $2, $3, $4) RETURNING "id"[0m  [["core_ingredient", "Phoenix Feather"], ["owner_id", 3], ["created_at", "2018-06-14 18:38:29.851910"], ["updated_at", "2018-06-14 18:38:29.851910"]]
  [1m[35mSQL (0.4ms)[0m  [1m[32mINSERT INTO "wands" ("core_ingredient", "owner_id", "created_at", "updated_at") VALUES ($1, $2, $3, $4) RETURNING "id"[0m  [["core_ingredient", "Swag"], ["owner_id", 1], ["created_at", "2018-06-14 18:38:29.853807"], ["updated_at", "2018-06-14 18:38:29.853807"]]
  [1m[35m (1.5ms)[0m  [1m[35mCOMMIT[0m
  [1m[35mSQL (1.4ms)[0m  [1m[35mCREATE EXTENSION IF NOT EXISTS "plpgsql"[0m
  [1m[35m (1.6ms)[0m  [1m[35mDROP TABLE IF EXISTS "course_enrollments" CASCADE[0m
  [1m[35m (11.8ms)[0m  [1m[35mCREATE TABLE "course_enrollments" ("id" bigserial primary key, "student_id" integer, "course_id" integer, "created_at" timestamp NOT NULL, "updated_at" timestamp NOT NULL)[0m
  [1m[35m (0.4ms)[0m  [1m[35mDROP TABLE IF EXISTS "courses" CASCADE[0m
  [1m[35m (9.3ms)[0m  [1m[35mCREATE TABLE "courses" ("id" bigserial primary key, "title" character varying, "description" character varying, "instructor_id" integer, "created_at" timestamp NOT NULL, "updated_at" timestamp NOT NULL)[0m
  [1m[35m (2.4ms)[0m  [1m[35mDROP TABLE IF EXISTS "houses" CASCADE[0m
  [1m[35m (10.2ms)[0m  [1m[35mCREATE TABLE "houses" ("id" bigserial primary key, "name" character varying, "building" character varying, "master_id" integer, "created_at" timestamp NOT NULL, "updated_at" timestamp NOT NULL)[0m
  [1m[35m (0.7ms)[0m  [1m[35mDROP TABLE IF EXISTS "schools" CASCADE[0m
  [1m[35m (8.4ms)[0m  [1m[35mCREATE TABLE "schools" ("id" bigserial primary key, "name" character varying, "headmaster_id" integer, "created_at" timestamp NOT NULL, "updated_at" timestamp NOT NULL)[0m
  [1m[35m (0.6ms)[0m  [1m[35mDROP TABLE IF EXISTS "wands" CASCADE[0m
  [1m[35m (10.0ms)[0m  [1m[35mCREATE TABLE "wands" ("id" bigserial primary key, "core_ingredient" character varying, "owner_id" integer, "created_at" timestamp NOT NULL, "updated_at" timestamp NOT NULL)[0m
  [1m[35m (0.7ms)[0m  [1m[35mDROP TABLE IF EXISTS "wizards" CASCADE[0m
  [1m[35m (14.0ms)[0m  [1m[35mCREATE TABLE "wizards" ("id" bigserial primary key, "fname" character varying, "lname" character varying, "house_id" integer, "school_id" integer, "created_at" timestamp NOT NULL, "updated_at" timestamp NOT NULL)[0m
  [1m[35m (7.6ms)[0m  [1m[35mCREATE TABLE "schema_migrations" ("version" character varying NOT NULL PRIMARY KEY)[0m
  [1m[35m (0.8ms)[0m  [1m[34mSELECT "schema_migrations"."version" FROM "schema_migrations" ORDER BY "schema_migrations"."version" ASC[0m
  [1m[35m (1.7ms)[0m  [1m[32mINSERT INTO "schema_migrations" (version) VALUES (20171218222654)[0m
  [1m[35m (1.6ms)[0m  [1m[32mINSERT INTO "schema_migrations" (version) VALUES
(20171218221825),
(20171218222539),
(20171218222009),
(20171218222157),
(20171218222355);

[0m
  [1m[35m (9.6ms)[0m  [1m[35mCREATE TABLE "ar_internal_metadata" ("key" character varying NOT NULL PRIMARY KEY, "value" character varying, "created_at" timestamp NOT NULL, "updated_at" timestamp NOT NULL)[0m
  [1m[36mActiveRecord::InternalMetadata Load (0.9ms)[0m  [1m[34mSELECT  "ar_internal_metadata".* FROM "ar_internal_metadata" WHERE "ar_internal_metadata"."key" = $1 LIMIT $2[0m  [["key", "environment"], ["LIMIT", 1]]
  [1m[35m (0.2ms)[0m  [1m[35mBEGIN[0m
  [1m[35mSQL (0.6ms)[0m  [1m[32mINSERT INTO "ar_internal_metadata" ("key", "value", "created_at", "updated_at") VALUES ($1, $2, $3, $4) RETURNING "key"[0m  [["key", "environment"], ["value", "development"], ["created_at", "2019-07-01 16:18:15.602280"], ["updated_at", "2019-07-01 16:18:15.602280"]]
  [1m[35m (1.5ms)[0m  [1m[35mCOMMIT[0m
  [1m[36mActiveRecord::InternalMetadata Load (0.4ms)[0m  [1m[34mSELECT  "ar_internal_metadata".* FROM "ar_internal_metadata" WHERE "ar_internal_metadata"."key" = $1 LIMIT $2[0m  [["key", "environment"], ["LIMIT", 1]]
  [1m[35m (0.2ms)[0m  [1m[35mBEGIN[0m
  [1m[35m (0.2ms)[0m  [1m[35mCOMMIT[0m
  [1m[35mSQL (1.1ms)[0m  [1m[35mCREATE EXTENSION IF NOT EXISTS "plpgsql"[0m
  [1m[35m (0.5ms)[0m  [1m[35mDROP TABLE IF EXISTS "course_enrollments" CASCADE[0m
  [1m[35m (9.7ms)[0m  [1m[35mCREATE TABLE "course_enrollments" ("id" bigserial primary key, "student_id" integer, "course_id" integer, "created_at" timestamp NOT NULL, "updated_at" timestamp NOT NULL)[0m
  [1m[35m (1.2ms)[0m  [1m[35mDROP TABLE IF EXISTS "courses" CASCADE[0m
  [1m[35m (9.7ms)[0m  [1m[35mCREATE TABLE "courses" ("id" bigserial primary key, "title" character varying, "description" character varying, "instructor_id" integer, "created_at" timestamp NOT NULL, "updated_at" timestamp NOT NULL)[0m
  [1m[35m (0.4ms)[0m  [1m[35mDROP TABLE IF EXISTS "houses" CASCADE[0m
  [1m[35m (11.6ms)[0m  [1m[35mCREATE TABLE "houses" ("id" bigserial primary key, "name" character varying, "building" character varying, "master_id" integer, "created_at" timestamp NOT NULL, "updated_at" timestamp NOT NULL)[0m
  [1m[35m (0.6ms)[0m  [1m[35mDROP TABLE IF EXISTS "schools" CASCADE[0m
  [1m[35m (11.8ms)[0m  [1m[35mCREATE TABLE "schools" ("id" bigserial primary key, "name" character varying, "headmaster_id" integer, "created_at" timestamp NOT NULL, "updated_at" timestamp NOT NULL)[0m
  [1m[35m (0.5ms)[0m  [1m[35mDROP TABLE IF EXISTS "wands" CASCADE[0m
  [1m[35m (9.7ms)[0m  [1m[35mCREATE TABLE "wands" ("id" bigserial primary key, "core_ingredient" character varying, "owner_id" integer, "created_at" timestamp NOT NULL, "updated_at" timestamp NOT NULL)[0m
  [1m[35m (0.5ms)[0m  [1m[35mDROP TABLE IF EXISTS "wizards" CASCADE[0m
  [1m[35m (13.0ms)[0m  [1m[35mCREATE TABLE "wizards" ("id" bigserial primary key, "fname" character varying, "lname" character varying, "house_id" integer, "school_id" integer, "created_at" timestamp NOT NULL, "updated_at" timestamp NOT NULL)[0m
  [1m[35m (8.4ms)[0m  [1m[35mCREATE TABLE "schema_migrations" ("version" character varying NOT NULL PRIMARY KEY)[0m
  [1m[35m (1.3ms)[0m  [1m[34mSELECT "schema_migrations"."version" FROM "schema_migrations" ORDER BY "schema_migrations"."version" ASC[0m
  [1m[35m (1.9ms)[0m  [1m[32mINSERT INTO "schema_migrations" (version) VALUES (20171218222654)[0m
  [1m[35m (1.7ms)[0m  [1m[32mINSERT INTO "schema_migrations" (version) VALUES
(20171218221825),
(20171218222539),
(20171218222009),
(20171218222157),
(20171218222355);

[0m
  [1m[35m (8.9ms)[0m  [1m[35mCREATE TABLE "ar_internal_metadata" ("key" character varying NOT NULL PRIMARY KEY, "value" character varying, "created_at" timestamp NOT NULL, "updated_at" timestamp NOT NULL)[0m
  [1m[36mActiveRecord::InternalMetadata Load (0.5ms)[0m  [1m[34mSELECT  "ar_internal_metadata".* FROM "ar_internal_metadata" WHERE "ar_internal_metadata"."key" = $1 LIMIT $2[0m  [["key", "environment"], ["LIMIT", 1]]
  [1m[35m (0.2ms)[0m  [1m[35mBEGIN[0m
  [1m[35mSQL (1.9ms)[0m  [1m[32mINSERT INTO "ar_internal_metadata" ("key", "value", "created_at", "updated_at") VALUES ($1, $2, $3, $4) RETURNING "key"[0m  [["key", "environment"], ["value", "development"], ["created_at", "2019-07-01 16:18:15.763870"], ["updated_at", "2019-07-01 16:18:15.763870"]]
  [1m[35m (1.5ms)[0m  [1m[35mCOMMIT[0m
  [1m[36mActiveRecord::InternalMetadata Load (0.6ms)[0m  [1m[34mSELECT  "ar_internal_metadata".* FROM "ar_internal_metadata" WHERE "ar_internal_metadata"."key" = $1 LIMIT $2[0m  [["key", "environment"], ["LIMIT", 1]]
  [1m[35m (0.2ms)[0m  [1m[35mBEGIN[0m
  [1m[35mSQL (0.5ms)[0m  [1m[33mUPDATE "ar_internal_metadata" SET "value" = $1, "updated_at" = $2 WHERE "ar_internal_metadata"."key" = $3[0m  [["value", "test"], ["updated_at", "2019-07-01 16:18:15.773387"], ["key", "environment"]]
  [1m[35m (1.1ms)[0m  [1m[35mCOMMIT[0m
  [1m[35m (1.1ms)[0m  [1m[34mSELECT "schema_migrations"."version" FROM "schema_migrations" ORDER BY "schema_migrations"."version" ASC[0m
  [1m[35m (0.2ms)[0m  [1m[35mBEGIN[0m
  [1m[36mWizard Load (1.0ms)[0m  [1m[34mSELECT "wizards".* FROM "wizards"[0m
  [1m[36mSchool Load (0.8ms)[0m  [1m[34mSELECT "schools".* FROM "schools"[0m
  [1m[36mHouse Load (1.4ms)[0m  [1m[34mSELECT "houses".* FROM "houses"[0m
  [1m[36mCourse Load (0.7ms)[0m  [1m[34mSELECT "courses".* FROM "courses"[0m
  [1m[36mWand Load (0.8ms)[0m  [1m[34mSELECT "wands".* FROM "wands"[0m
  [1m[36mCourseEnrollment Load (0.7ms)[0m  [1m[34mSELECT "course_enrollments".* FROM "course_enrollments"[0m
  [1m[35mSQL (1.0ms)[0m  [1m[32mINSERT INTO "wizards" ("fname", "lname", "created_at", "updated_at") VALUES ($1, $2, $3, $4) RETURNING "id"[0m  [["fname", "Albus"], ["lname", "Dumbledore"], ["created_at", "2019-07-01 16:18:19.143534"], ["updated_at", "2019-07-01 16:18:19.143534"]]
  [1m[36mWizard Load (0.5ms)[0m  [1m[34mSELECT  "wizards".* FROM "wizards" ORDER BY "wizards"."id" DESC LIMIT $1[0m  [["LIMIT", 1]]
  [1m[35mSQL (0.5ms)[0m  [1m[32mINSERT INTO "wizards" ("fname", "lname", "created_at", "updated_at") VALUES ($1, $2, $3, $4) RETURNING "id"[0m  [["fname", "Professor"], ["lname", "McGonagall"], ["created_at", "2019-07-01 16:18:19.149589"], ["updated_at", "2019-07-01 16:18:19.149589"]]
  [1m[36mWizard Load (0.4ms)[0m  [1m[34mSELECT  "wizards".* FROM "wizards" ORDER BY "wizards"."id" DESC LIMIT $1[0m  [["LIMIT", 1]]
  [1m[35mSQL (0.8ms)[0m  [1m[32mINSERT INTO "schools" ("name", "created_at", "updated_at") VALUES ($1, $2, $3) RETURNING "id"[0m  [["name", "Hogwarts"], ["created_at", "2019-07-01 16:18:19.158920"], ["updated_at", "2019-07-01 16:18:19.158920"]]
  [1m[36mSchool Load (0.3ms)[0m  [1m[34mSELECT  "schools".* FROM "schools" ORDER BY "schools"."id" DESC LIMIT $1[0m  [["LIMIT", 1]]
  [1m[35mSQL (0.6ms)[0m  [1m[33mUPDATE "wizards" SET "school_id" = $1, "updated_at" = $2 WHERE "wizards"."id" = $3[0m  [["school_id", 1], ["updated_at", "2019-07-01 16:18:19.162066"], ["id", 1]]
  [1m[35mSQL (0.5ms)[0m  [1m[33mUPDATE "wizards" SET "school_id" = $1, "updated_at" = $2 WHERE "wizards"."id" = $3[0m  [["school_id", 1], ["updated_at", "2019-07-01 16:18:19.164207"], ["id", 2]]
  [1m[35mSQL (0.4ms)[0m  [1m[33mUPDATE "schools" SET "headmaster_id" = $1, "updated_at" = $2 WHERE "schools"."id" = $3[0m  [["headmaster_id", 1], ["updated_at", "2019-07-01 16:18:19.165888"], ["id", 1]]
  [1m[35mSQL (0.9ms)[0m  [1m[32mINSERT INTO "houses" ("name", "building", "master_id", "created_at", "updated_at") VALUES ($1, $2, $3, $4, $5) RETURNING "id"[0m  [["name", "Gryffindor"], ["building", "The stone one"], ["master_id", 2], ["created_at", "2019-07-01 16:18:19.175197"], ["updated_at", "2019-07-01 16:18:19.175197"]]
  [1m[35mSQL (0.4ms)[0m  [1m[32mINSERT INTO "houses" ("name", "building", "master_id", "created_at", "updated_at") VALUES ($1, $2, $3, $4, $5) RETURNING "id"[0m  [["name", "Hufflepuff"], ["building", "The stone one"], ["master_id", 2], ["created_at", "2019-07-01 16:18:19.177243"], ["updated_at", "2019-07-01 16:18:19.177243"]]
  [1m[35mSQL (0.4ms)[0m  [1m[32mINSERT INTO "wizards" ("fname", "lname", "house_id", "school_id", "created_at", "updated_at") VALUES ($1, $2, $3, $4, $5, $6) RETURNING "id"[0m  [["fname", "Harry"], ["lname", "Potter"], ["house_id", 1], ["school_id", 1], ["created_at", "2019-07-01 16:18:19.178682"], ["updated_at", "2019-07-01 16:18:19.178682"]]
  [1m[35mSQL (0.5ms)[0m  [1m[32mINSERT INTO "wizards" ("fname", "lname", "house_id", "school_id", "created_at", "updated_at") VALUES ($1, $2, $3, $4, $5, $6) RETURNING "id"[0m  [["fname", "Ron"], ["lname", "Weasley"], ["house_id", 1], ["school_id", 1], ["created_at", "2019-07-01 16:18:19.180088"], ["updated_at", "2019-07-01 16:18:19.180088"]]
  [1m[35mSQL (0.4ms)[0m  [1m[32mINSERT INTO "wizards" ("fname", "lname", "house_id", "school_id", "created_at", "updated_at") VALUES ($1, $2, $3, $4, $5, $6) RETURNING "id"[0m  [["fname", "Hermione"], ["lname", "Granger"], ["house_id", 1], ["school_id", 1], ["created_at", "2019-07-01 16:18:19.181477"], ["updated_at", "2019-07-01 16:18:19.181477"]]
  [1m[35mSQL (0.8ms)[0m  [1m[32mINSERT INTO "courses" ("title", "description", "instructor_id", "created_at", "updated_at") VALUES ($1, $2, $3, $4, $5) RETURNING "id"[0m  [["title", "Transfiguration"], ["description", "Turning one thing into another thing"], ["instructor_id", 2], ["created_at", "2019-07-01 16:18:19.190558"], ["updated_at", "2019-07-01 16:18:19.190558"]]
  [1m[35mSQL (0.9ms)[0m  [1m[32mINSERT INTO "course_enrollments" ("student_id", "course_id", "created_at", "updated_at") VALUES ($1, $2, $3, $4) RETURNING "id"[0m  [["student_id", 3], ["course_id", 1], ["created_at", "2019-07-01 16:18:19.200189"], ["updated_at", "2019-07-01 16:18:19.200189"]]
  [1m[35mSQL (0.4ms)[0m  [1m[32mINSERT INTO "course_enrollments" ("student_id", "course_id", "created_at", "updated_at") VALUES ($1, $2, $3, $4) RETURNING "id"[0m  [["student_id", 4], ["course_id", 1], ["created_at", "2019-07-01 16:18:19.202636"], ["updated_at", "2019-07-01 16:18:19.202636"]]
  [1m[35mSQL (0.4ms)[0m  [1m[32mINSERT INTO "course_enrollments" ("student_id", "course_id", "created_at", "updated_at") VALUES ($1, $2, $3, $4) RETURNING "id"[0m  [["student_id", 5], ["course_id", 1], ["created_at", "2019-07-01 16:18:19.203984"], ["updated_at", "2019-07-01 16:18:19.203984"]]
  [1m[35mSQL (0.8ms)[0m  [1m[32mINSERT INTO "wands" ("core_ingredient", "owner_id", "created_at", "updated_at") VALUES ($1, $2, $3, $4) RETURNING "id"[0m  [["core_ingredient", "Phoenix Feather"], ["owner_id", 3], ["created_at", "2019-07-01 16:18:19.212135"], ["updated_at", "2019-07-01 16:18:19.212135"]]
  [1m[35mSQL (0.5ms)[0m  [1m[32mINSERT INTO "wands" ("core_ingredient", "owner_id", "created_at", "updated_at") VALUES ($1, $2, $3, $4) RETURNING "id"[0m  [["core_ingredient", "Swag"], ["owner_id", 1], ["created_at", "2019-07-01 16:18:19.213884"], ["updated_at", "2019-07-01 16:18:19.213884"]]
  [1m[35m (1.4ms)[0m  [1m[35mCOMMIT[0m
  [1m[35mSQL (2.7ms)[0m  [1m[35mCREATE EXTENSION IF NOT EXISTS "plpgsql"[0m
  [1m[35m (0.8ms)[0m  [1m[35mDROP TABLE IF EXISTS "course_enrollments" CASCADE[0m
  [1m[35m (17.4ms)[0m  [1m[35mCREATE TABLE "course_enrollments" ("id" bigserial primary key, "student_id" integer, "course_id" integer, "created_at" timestamp NOT NULL, "updated_at" timestamp NOT NULL)[0m
  [1m[35m (0.3ms)[0m  [1m[35mDROP TABLE IF EXISTS "courses" CASCADE[0m
  [1m[35m (4.6ms)[0m  [1m[35mCREATE TABLE "courses" ("id" bigserial primary key, "title" character varying, "description" character varying, "instructor_id" integer, "created_at" timestamp NOT NULL, "updated_at" timestamp NOT NULL)[0m
  [1m[35m (0.4ms)[0m  [1m[35mDROP TABLE IF EXISTS "houses" CASCADE[0m
  [1m[35m (4.6ms)[0m  [1m[35mCREATE TABLE "houses" ("id" bigserial primary key, "name" character varying, "building" character varying, "master_id" integer, "created_at" timestamp NOT NULL, "updated_at" timestamp NOT NULL)[0m
  [1m[35m (0.3ms)[0m  [1m[35mDROP TABLE IF EXISTS "schools" CASCADE[0m
  [1m[35m (5.4ms)[0m  [1m[35mCREATE TABLE "schools" ("id" bigserial primary key, "name" character varying, "headmaster_id" integer, "created_at" timestamp NOT NULL, "updated_at" timestamp NOT NULL)[0m
  [1m[35m (0.3ms)[0m  [1m[35mDROP TABLE IF EXISTS "wands" CASCADE[0m
  [1m[35m (5.2ms)[0m  [1m[35mCREATE TABLE "wands" ("id" bigserial primary key, "core_ingredient" character varying, "owner_id" integer, "created_at" timestamp NOT NULL, "updated_at" timestamp NOT NULL)[0m
  [1m[35m (0.4ms)[0m  [1m[35mDROP TABLE IF EXISTS "wizards" CASCADE[0m
  [1m[35m (5.6ms)[0m  [1m[35mCREATE TABLE "wizards" ("id" bigserial primary key, "fname" character varying, "lname" character varying, "house_id" integer, "school_id" integer, "created_at" timestamp NOT NULL, "updated_at" timestamp NOT NULL)[0m
  [1m[35m (4.1ms)[0m  [1m[35mCREATE TABLE "schema_migrations" ("version" character varying NOT NULL PRIMARY KEY)[0m
  [1m[35m (0.7ms)[0m  [1m[34mSELECT "schema_migrations"."version" FROM "schema_migrations" ORDER BY "schema_migrations"."version" ASC[0m
  [1m[35m (1.5ms)[0m  [1m[32mINSERT INTO "schema_migrations" (version) VALUES (20171218222654)[0m
  [1m[35m (0.6ms)[0m  [1m[32mINSERT INTO "schema_migrations" (version) VALUES
(20171218221825),
(20171218222539),
(20171218222009),
(20171218222157),
(20171218222355);

[0m
  [1m[35m (3.6ms)[0m  [1m[35mCREATE TABLE "ar_internal_metadata" ("key" character varying NOT NULL PRIMARY KEY, "value" character varying, "created_at" timestamp NOT NULL, "updated_at" timestamp NOT NULL)[0m
  [1m[36mActiveRecord::InternalMetadata Load (0.3ms)[0m  [1m[34mSELECT  "ar_internal_metadata".* FROM "ar_internal_metadata" WHERE "ar_internal_metadata"."key" = $1 LIMIT $2[0m  [["key", "environment"], ["LIMIT", 1]]
  [1m[35m (0.6ms)[0m  [1m[35mBEGIN[0m
  [1m[35mSQL (1.4ms)[0m  [1m[32mINSERT INTO "ar_internal_metadata" ("key", "value", "created_at", "updated_at") VALUES ($1, $2, $3, $4) RETURNING "key"[0m  [["key", "environment"], ["value", "development"], ["created_at", "2020-01-22 01:58:30.604211"], ["updated_at", "2020-01-22 01:58:30.604211"]]
  [1m[35m (0.3ms)[0m  [1m[35mCOMMIT[0m
  [1m[36mActiveRecord::InternalMetadata Load (0.5ms)[0m  [1m[34mSELECT  "ar_internal_metadata".* FROM "ar_internal_metadata" WHERE "ar_internal_metadata"."key" = $1 LIMIT $2[0m  [["key", "environment"], ["LIMIT", 1]]
  [1m[35m (0.1ms)[0m  [1m[35mBEGIN[0m
  [1m[35m (0.1ms)[0m  [1m[35mCOMMIT[0m
  [1m[35mSQL (0.3ms)[0m  [1m[35mCREATE EXTENSION IF NOT EXISTS "plpgsql"[0m
  [1m[35m (0.4ms)[0m  [1m[35mDROP TABLE IF EXISTS "course_enrollments" CASCADE[0m
  [1m[35m (7.0ms)[0m  [1m[35mCREATE TABLE "course_enrollments" ("id" bigserial primary key, "student_id" integer, "course_id" integer, "created_at" timestamp NOT NULL, "updated_at" timestamp NOT NULL)[0m
  [1m[35m (0.3ms)[0m  [1m[35mDROP TABLE IF EXISTS "courses" CASCADE[0m
  [1m[35m (3.9ms)[0m  [1m[35mCREATE TABLE "courses" ("id" bigserial primary key, "title" character varying, "description" character varying, "instructor_id" integer, "created_at" timestamp NOT NULL, "updated_at" timestamp NOT NULL)[0m
  [1m[35m (0.3ms)[0m  [1m[35mDROP TABLE IF EXISTS "houses" CASCADE[0m
  [1m[35m (4.8ms)[0m  [1m[35mCREATE TABLE "houses" ("id" bigserial primary key, "name" character varying, "building" character varying, "master_id" integer, "created_at" timestamp NOT NULL, "updated_at" timestamp NOT NULL)[0m
  [1m[35m (0.6ms)[0m  [1m[35mDROP TABLE IF EXISTS "schools" CASCADE[0m
  [1m[35m (4.3ms)[0m  [1m[35mCREATE TABLE "schools" ("id" bigserial primary key, "name" character varying, "headmaster_id" integer, "created_at" timestamp NOT NULL, "updated_at" timestamp NOT NULL)[0m
  [1m[35m (2.1ms)[0m  [1m[35mDROP TABLE IF EXISTS "wands" CASCADE[0m
  [1m[35m (4.3ms)[0m  [1m[35mCREATE TABLE "wands" ("id" bigserial primary key, "core_ingredient" character varying, "owner_id" integer, "created_at" timestamp NOT NULL, "updated_at" timestamp NOT NULL)[0m
  [1m[35m (0.3ms)[0m  [1m[35mDROP TABLE IF EXISTS "wizards" CASCADE[0m
  [1m[35m (5.4ms)[0m  [1m[35mCREATE TABLE "wizards" ("id" bigserial primary key, "fname" character varying, "lname" character varying, "house_id" integer, "school_id" integer, "created_at" timestamp NOT NULL, "updated_at" timestamp NOT NULL)[0m
  [1m[35m (4.5ms)[0m  [1m[35mCREATE TABLE "schema_migrations" ("version" character varying NOT NULL PRIMARY KEY)[0m
  [1m[35m (1.0ms)[0m  [1m[34mSELECT "schema_migrations"."version" FROM "schema_migrations" ORDER BY "schema_migrations"."version" ASC[0m
  [1m[35m (0.7ms)[0m  [1m[32mINSERT INTO "schema_migrations" (version) VALUES (20171218222654)[0m
  [1m[35m (0.4ms)[0m  [1m[32mINSERT INTO "schema_migrations" (version) VALUES
(20171218221825),
(20171218222539),
(20171218222009),
(20171218222157),
(20171218222355);

[0m
  [1m[35m (3.5ms)[0m  [1m[35mCREATE TABLE "ar_internal_metadata" ("key" character varying NOT NULL PRIMARY KEY, "value" character varying, "created_at" timestamp NOT NULL, "updated_at" timestamp NOT NULL)[0m
  [1m[36mActiveRecord::InternalMetadata Load (0.5ms)[0m  [1m[34mSELECT  "ar_internal_metadata".* FROM "ar_internal_metadata" WHERE "ar_internal_metadata"."key" = $1 LIMIT $2[0m  [["key", "environment"], ["LIMIT", 1]]
  [1m[35m (0.2ms)[0m  [1m[35mBEGIN[0m
  [1m[35mSQL (0.5ms)[0m  [1m[32mINSERT INTO "ar_internal_metadata" ("key", "value", "created_at", "updated_at") VALUES ($1, $2, $3, $4) RETURNING "key"[0m  [["key", "environment"], ["value", "development"], ["created_at", "2020-01-22 01:58:30.688297"], ["updated_at", "2020-01-22 01:58:30.688297"]]
  [1m[35m (0.3ms)[0m  [1m[35mCOMMIT[0m
  [1m[36mActiveRecord::InternalMetadata Load (0.3ms)[0m  [1m[34mSELECT  "ar_internal_metadata".* FROM "ar_internal_metadata" WHERE "ar_internal_metadata"."key" = $1 LIMIT $2[0m  [["key", "environment"], ["LIMIT", 1]]
  [1m[35m (0.2ms)[0m  [1m[35mBEGIN[0m
  [1m[35mSQL (1.5ms)[0m  [1m[33mUPDATE "ar_internal_metadata" SET "value" = $1, "updated_at" = $2 WHERE "ar_internal_metadata"."key" = $3[0m  [["value", "test"], ["updated_at", "2020-01-22 01:58:30.692100"], ["key", "environment"]]
  [1m[35m (0.5ms)[0m  [1m[35mCOMMIT[0m
  [1m[35m (0.6ms)[0m  [1m[34mSELECT "schema_migrations"."version" FROM "schema_migrations" ORDER BY "schema_migrations"."version" ASC[0m
  [1m[35m (0.1ms)[0m  [1m[35mBEGIN[0m
  [1m[36mWizard Load (0.5ms)[0m  [1m[34mSELECT "wizards".* FROM "wizards"[0m
  [1m[36mSchool Load (0.5ms)[0m  [1m[34mSELECT "schools".* FROM "schools"[0m
  [1m[36mHouse Load (0.5ms)[0m  [1m[34mSELECT "houses".* FROM "houses"[0m
  [1m[36mCourse Load (0.4ms)[0m  [1m[34mSELECT "courses".* FROM "courses"[0m
  [1m[36mWand Load (0.5ms)[0m  [1m[34mSELECT "wands".* FROM "wands"[0m
  [1m[36mCourseEnrollment Load (0.4ms)[0m  [1m[34mSELECT "course_enrollments".* FROM "course_enrollments"[0m
  [1m[35mSQL (0.7ms)[0m  [1m[32mINSERT INTO "wizards" ("fname", "lname", "created_at", "updated_at") VALUES ($1, $2, $3, $4) RETURNING "id"[0m  [["fname", "Albus"], ["lname", "Dumbledore"], ["created_at", "2020-01-22 01:58:33.465753"], ["updated_at", "2020-01-22 01:58:33.465753"]]
  [1m[36mWizard Load (0.5ms)[0m  [1m[34mSELECT  "wizards".* FROM "wizards" ORDER BY "wizards"."id" DESC LIMIT $1[0m  [["LIMIT", 1]]
  [1m[35mSQL (0.3ms)[0m  [1m[32mINSERT INTO "wizards" ("fname", "lname", "created_at", "updated_at") VALUES ($1, $2, $3, $4) RETURNING "id"[0m  [["fname", "Professor"], ["lname", "McGonagall"], ["created_at", "2020-01-22 01:58:33.470867"], ["updated_at", "2020-01-22 01:58:33.470867"]]
  [1m[36mWizard Load (0.2ms)[0m  [1m[34mSELECT  "wizards".* FROM "wizards" ORDER BY "wizards"."id" DESC LIMIT $1[0m  [["LIMIT", 1]]
  [1m[35mSQL (0.5ms)[0m  [1m[32mINSERT INTO "schools" ("name", "created_at", "updated_at") VALUES ($1, $2, $3) RETURNING "id"[0m  [["name", "Hogwarts"], ["created_at", "2020-01-22 01:58:33.478556"], ["updated_at", "2020-01-22 01:58:33.478556"]]
  [1m[36mSchool Load (0.2ms)[0m  [1m[34mSELECT  "schools".* FROM "schools" ORDER BY "schools"."id" DESC LIMIT $1[0m  [["LIMIT", 1]]
  [1m[35mSQL (0.3ms)[0m  [1m[33mUPDATE "wizards" SET "school_id" = $1, "updated_at" = $2 WHERE "wizards"."id" = $3[0m  [["school_id", 1], ["updated_at", "2020-01-22 01:58:33.480576"], ["id", 1]]
  [1m[35mSQL (0.2ms)[0m  [1m[33mUPDATE "wizards" SET "school_id" = $1, "updated_at" = $2 WHERE "wizards"."id" = $3[0m  [["school_id", 1], ["updated_at", "2020-01-22 01:58:33.481742"], ["id", 2]]
  [1m[35mSQL (0.2ms)[0m  [1m[33mUPDATE "schools" SET "headmaster_id" = $1, "updated_at" = $2 WHERE "schools"."id" = $3[0m  [["headmaster_id", 1], ["updated_at", "2020-01-22 01:58:33.482545"], ["id", 1]]
  [1m[35mSQL (0.4ms)[0m  [1m[32mINSERT INTO "houses" ("name", "building", "master_id", "created_at", "updated_at") VALUES ($1, $2, $3, $4, $5) RETURNING "id"[0m  [["name", "Gryffindor"], ["building", "The stone one"], ["master_id", 2], ["created_at", "2020-01-22 01:58:33.489031"], ["updated_at", "2020-01-22 01:58:33.489031"]]
  [1m[35mSQL (0.2ms)[0m  [1m[32mINSERT INTO "houses" ("name", "building", "master_id", "created_at", "updated_at") VALUES ($1, $2, $3, $4, $5) RETURNING "id"[0m  [["name", "Hufflepuff"], ["building", "The stone one"], ["master_id", 2], ["created_at", "2020-01-22 01:58:33.490052"], ["updated_at", "2020-01-22 01:58:33.490052"]]
  [1m[35mSQL (0.2ms)[0m  [1m[32mINSERT INTO "wizards" ("fname", "lname", "house_id", "school_id", "created_at", "updated_at") VALUES ($1, $2, $3, $4, $5, $6) RETURNING "id"[0m  [["fname", "Harry"], ["lname", "Potter"], ["house_id", 1], ["school_id", 1], ["created_at", "2020-01-22 01:58:33.490796"], ["updated_at", "2020-01-22 01:58:33.490796"]]
  [1m[35mSQL (0.2ms)[0m  [1m[32mINSERT INTO "wizards" ("fname", "lname", "house_id", "school_id", "created_at", "updated_at") VALUES ($1, $2, $3, $4, $5, $6) RETURNING "id"[0m  [["fname", "Ron"], ["lname", "Weasley"], ["house_id", 1], ["school_id", 1], ["created_at", "2020-01-22 01:58:33.491520"], ["updated_at", "2020-01-22 01:58:33.491520"]]
  [1m[35mSQL (0.2ms)[0m  [1m[32mINSERT INTO "wizards" ("fname", "lname", "house_id", "school_id", "created_at", "updated_at") VALUES ($1, $2, $3, $4, $5, $6) RETURNING "id"[0m  [["fname", "Hermione"], ["lname", "Granger"], ["house_id", 1], ["school_id", 1], ["created_at", "2020-01-22 01:58:33.492203"], ["updated_at", "2020-01-22 01:58:33.492203"]]
  [1m[35mSQL (0.4ms)[0m  [1m[32mINSERT INTO "courses" ("title", "description", "instructor_id", "created_at", "updated_at") VALUES ($1, $2, $3, $4, $5) RETURNING "id"[0m  [["title", "Transfiguration"], ["description", "Turning one thing into another thing"], ["instructor_id", 2], ["created_at", "2020-01-22 01:58:33.498274"], ["updated_at", "2020-01-22 01:58:33.498274"]]
  [1m[35mSQL (0.4ms)[0m  [1m[32mINSERT INTO "course_enrollments" ("student_id", "course_id", "created_at", "updated_at") VALUES ($1, $2, $3, $4) RETURNING "id"[0m  [["student_id", 3], ["course_id", 1], ["created_at", "2020-01-22 01:58:33.505930"], ["updated_at", "2020-01-22 01:58:33.505930"]]
  [1m[35mSQL (0.2ms)[0m  [1m[32mINSERT INTO "course_enrollments" ("student_id", "course_id", "created_at", "updated_at") VALUES ($1, $2, $3, $4) RETURNING "id"[0m  [["student_id", 4], ["course_id", 1], ["created_at", "2020-01-22 01:58:33.506882"], ["updated_at", "2020-01-22 01:58:33.506882"]]
  [1m[35mSQL (0.2ms)[0m  [1m[32mINSERT INTO "course_enrollments" ("student_id", "course_id", "created_at", "updated_at") VALUES ($1, $2, $3, $4) RETURNING "id"[0m  [["student_id", 5], ["course_id", 1], ["created_at", "2020-01-22 01:58:33.507490"], ["updated_at", "2020-01-22 01:58:33.507490"]]
  [1m[35mSQL (0.4ms)[0m  [1m[32mINSERT INTO "wands" ("core_ingredient", "owner_id", "created_at", "updated_at") VALUES ($1, $2, $3, $4) RETURNING "id"[0m  [["core_ingredient", "Phoenix Feather"], ["owner_id", 3], ["created_at", "2020-01-22 01:58:33.512778"], ["updated_at", "2020-01-22 01:58:33.512778"]]
  [1m[35mSQL (0.2ms)[0m  [1m[32mINSERT INTO "wands" ("core_ingredient", "owner_id", "created_at", "updated_at") VALUES ($1, $2, $3, $4) RETURNING "id"[0m  [["core_ingredient", "Swag"], ["owner_id", 1], ["created_at", "2020-01-22 01:58:33.513694"], ["updated_at", "2020-01-22 01:58:33.513694"]]
  [1m[35m (0.9ms)[0m  [1m[35mCOMMIT[0m
